<?xml version="1.0" encoding="UTF-8"?>
<testsuite name="models.dao.Sql2oNewsDaoTest" tests="5" skipped="0" failures="0" errors="0" timestamp="2020-05-14T01:15:15" hostname="mumo-ThinkPad-S1-Yoga-12" time="0.095">
  <properties/>
  <testcase name="getAllNewsByDepartment" classname="models.dao.Sql2oNewsDaoTest" time="0.031"/>
  <testcase name="getAll" classname="models.dao.Sql2oNewsDaoTest" time="0.014"/>
  <testcase name="clearAll" classname="models.dao.Sql2oNewsDaoTest" time="0.019"/>
  <testcase name="addingNewsSetsId" classname="models.dao.Sql2oNewsDaoTest" time="0.007"/>
  <testcase name="deleteById" classname="models.dao.Sql2oNewsDaoTest" time="0.022"/>
  <system-out><![CDATA[org.sql2o.Sql2oException: Error preparing statement - Returning autogenerated keys is only supported for 8.2 and later servers.
org.sql2o.Sql2oException: Error preparing statement - Returning autogenerated keys is only supported for 8.2 and later servers.
org.sql2o.Sql2oException: Error preparing statement - Returning autogenerated keys is only supported for 8.2 and later servers.
org.sql2o.Sql2oException: Error preparing statement - Returning autogenerated keys is only supported for 8.2 and later servers.
org.sql2o.Sql2oException: Error preparing statement - Returning autogenerated keys is only supported for 8.2 and later servers.
org.sql2o.Sql2oException: Error preparing statement - Returning autogenerated keys is only supported for 8.2 and later servers.
org.sql2o.Sql2oException: Error preparing statement - Returning autogenerated keys is only supported for 8.2 and later servers.
org.sql2o.Sql2oException: Error preparing statement - Returning autogenerated keys is only supported for 8.2 and later servers.
org.sql2o.Sql2oException: Error preparing statement - Returning autogenerated keys is only supported for 8.2 and later servers.
org.sql2o.Sql2oException: Error preparing statement - Returning autogenerated keys is only supported for 8.2 and later servers.
org.sql2o.Sql2oException: Error preparing statement - Returning autogenerated keys is only supported for 8.2 and later servers.
org.sql2o.Sql2oException: Error preparing statement - Returning autogenerated keys is only supported for 8.2 and later servers.
]]></system-out>
  <system-err><![CDATA[]]></system-err>
</testsuite>
