<?xml version="1.0" encoding="UTF-8"?>
<testsuite name="models.dao.Sql2oDepartmentDaoTest" tests="5" skipped="0" failures="0" errors="0" timestamp="2020-05-14T01:15:15" hostname="mumo-ThinkPad-S1-Yoga-12" time="0.181">
  <properties/>
  <testcase name="addedDepartmentsAreReturnedFromGetAll" classname="models.dao.Sql2oDepartmentDaoTest" time="0.022"/>
  <testcase name="deletingDepartmentAlsoUpdatesJoinTable" classname="models.dao.Sql2oDepartmentDaoTest" time="0.076"/>
  <testcase name="clearAll" classname="models.dao.Sql2oDepartmentDaoTest" time="0.032"/>
  <testcase name="noDepartmentsReturnsEmptyList" classname="models.dao.Sql2oDepartmentDaoTest" time="0.02"/>
  <testcase name="deleteByIdDeletesCorrectDepartment" classname="models.dao.Sql2oDepartmentDaoTest" time="0.029"/>
  <system-out><![CDATA[org.sql2o.Sql2oException: Error preparing statement - Returning autogenerated keys is only supported for 8.2 and later servers.
clearing database
org.sql2o.Sql2oException: Error preparing statement - Returning autogenerated keys is only supported for 8.2 and later servers.
org.sql2o.Sql2oException: Error preparing statement - Returning autogenerated keys is only supported for 8.2 and later servers.
org.sql2o.Sql2oException: Error preparing statement - Returning autogenerated keys is only supported for 8.2 and later servers.
org.sql2o.Sql2oException: Database error: ERROR: column "deparmentid" does not exist
  Hint: Perhaps you meant to reference the column "departments_users.departmentid".
  Position: 45
clearing database
org.sql2o.Sql2oException: Error preparing statement - Returning autogenerated keys is only supported for 8.2 and later servers.
org.sql2o.Sql2oException: Error preparing statement - Returning autogenerated keys is only supported for 8.2 and later servers.
clearing database
clearing database
org.sql2o.Sql2oException: Error preparing statement - Returning autogenerated keys is only supported for 8.2 and later servers.
clearing database
connection closed
]]></system-out>
  <system-err><![CDATA[]]></system-err>
</testsuite>
