<?xml version="1.0" encoding="UTF-8"?>
<testsuite name="models.dao.Sql2oUsersDaoTest" tests="7" skipped="0" failures="0" errors="0" timestamp="2020-05-14T01:15:15" hostname="mumo-ThinkPad-S1-Yoga-12" time="0.28">
  <properties/>
  <testcase name="noUsersReturnsEmptyList" classname="models.dao.Sql2oUsersDaoTest" time="0.053"/>
  <testcase name="deletingUsersAlsoUpdatesJoinTable" classname="models.dao.Sql2oUsersDaoTest" time="0.126"/>
  <testcase name="deleteByIdDeletesCorrectUsers" classname="models.dao.Sql2oUsersDaoTest" time="0.015"/>
  <testcase name="deletingDepartmentAlsoUpdatesJoinTable" classname="models.dao.Sql2oUsersDaoTest" time="0.037"/>
  <testcase name="clearAll" classname="models.dao.Sql2oUsersDaoTest" time="0.008"/>
  <testcase name="addedUsersAreReturnedFromGetAll" classname="models.dao.Sql2oUsersDaoTest" time="0.01"/>
  <testcase name="addUsersToDepartmentAddsTypeCorrectly" classname="models.dao.Sql2oUsersDaoTest" time="0.028"/>
  <system-out><![CDATA[org.sql2o.Sql2oException: Error preparing statement - Returning autogenerated keys is only supported for 8.2 and later servers.
org.sql2o.Sql2oException: Error preparing statement - Returning autogenerated keys is only supported for 8.2 and later servers.
org.sql2o.Sql2oException: Error preparing statement - Returning autogenerated keys is only supported for 8.2 and later servers.
org.sql2o.Sql2oException: Error preparing statement - Returning autogenerated keys is only supported for 8.2 and later servers.
org.sql2o.Sql2oException: Error preparing statement - Returning autogenerated keys is only supported for 8.2 and later servers.
org.sql2o.Sql2oException: Error preparing statement - Returning autogenerated keys is only supported for 8.2 and later servers.
org.sql2o.Sql2oException: Database error: ERROR: column "deparmentid" does not exist
  Hint: Perhaps you meant to reference the column "departments_users.departmentid".
  Position: 45
org.sql2o.Sql2oException: Error preparing statement - Returning autogenerated keys is only supported for 8.2 and later servers.
org.sql2o.Sql2oException: Error preparing statement - Returning autogenerated keys is only supported for 8.2 and later servers.
org.sql2o.Sql2oException: Error preparing statement - Returning autogenerated keys is only supported for 8.2 and later servers.
]]></system-out>
  <system-err><![CDATA[]]></system-err>
</testsuite>
